git add -f history.log2019-01-14T14:10:18 - Update documentation
2019-01-14T10:17:52 - Initial setup
2019-01-14T10:50:03 - Improve UI/UX
2019-01-14T13:33:01 - Improve UI/UX
2019-01-10T14:32:42 - Add new feature
2019-01-10T16:28:01 - Initial setup
2019-01-10T12:59:50 - Refactor code structure
2019-01-15T09:47:53 - Add tests
2019-01-15T10:41:46 - Fix bug in logic
2019-01-15T16:18:29 - Fix bug in logic
2019-01-15T16:03:18 - Improve performance
2019-01-16T17:53:46 - Add new feature
2019-01-16T11:51:00 - Improve UI/UX
2019-01-16T13:52:52 - Improve UI/UX
2019-01-16T18:52:33 - Fix bug in logic
2019-01-18T11:55:46 - Minor cleanup
2019-01-18T14:17:23 - Improve UI/UX
2019-01-17T15:07:19 - Update documentation
2019-01-17T15:23:36 - Update documentation
2019-01-17T09:40:51 - Refactor code structure
2019-01-17T16:18:41 - Add tests
2019-01-22T13:53:51 - Add tests
2019-01-22T11:56:37 - Improve performance
2019-01-22T15:38:17 - Add new feature
2019-01-21T13:02:50 - Add tests
2019-01-21T13:15:36 - Minor cleanup
2019-01-21T12:26:30 - Improve UI/UX
2019-01-21T12:32:16 - Add tests
2019-01-21T17:53:51 - Add tests
2019-01-21T11:08:25 - Improve performance
2019-01-28T10:21:42 - Add new feature
2019-01-28T14:17:15 - Improve performance
2019-01-28T17:13:22 - Improve UI/UX
2019-01-28T15:46:38 - Improve performance
2019-01-28T15:40:58 - Improve performance
2019-01-28T10:16:19 - Initial setup
2019-01-24T10:04:35 - Update documentation
2019-01-24T09:47:34 - Minor cleanup
2019-01-24T14:35:14 - Initial setup
2019-01-24T13:11:27 - Improve UI/UX
2019-01-24T13:47:50 - Fix bug in logic
2019-01-24T11:57:48 - Refactor code structure
2019-01-25T09:56:18 - Refactor code structure
2019-01-25T13:49:16 - Update documentation
2019-01-25T10:02:31 - Improve performance
2019-01-25T11:44:43 - Improve UI/UX
2019-01-25T18:19:36 - Minor cleanup
2019-02-05T16:13:28 - Fix bug in logic
2019-02-05T17:01:44 - Minor cleanup
2019-02-05T10:39:45 - Update documentation
2019-02-05T12:48:50 - Fix bug in logic
2019-02-05T10:18:34 - Add tests
2019-02-05T14:43:21 - Remove unused code
2019-02-04T18:18:07 - Improve UI/UX
2019-02-04T12:53:42 - Refactor code structure
2019-02-04T18:46:44 - Update documentation
2019-02-06T17:32:08 - Refactor code structure
2019-02-06T11:52:33 - Fix bug in logic
2019-02-06T12:08:26 - Remove unused code
2019-01-31T13:27:46 - Minor cleanup
2019-01-31T09:19:40 - Improve UI/UX
2019-01-31T10:37:01 - Initial setup
2019-01-31T12:29:18 - Update documentation
2019-02-08T17:47:37 - Add new feature
2019-02-08T12:31:43 - Update documentation
2019-02-08T17:01:26 - Refactor code structure
2019-02-08T12:31:08 - Remove unused code
2019-02-08T10:12:38 - Add new feature
2019-02-08T12:58:43 - Initial setup
2019-02-12T17:55:28 - Improve UI/UX
2019-02-12T09:28:15 - Minor cleanup
2019-02-12T15:53:49 - Initial setup
2019-02-13T12:00:28 - Initial setup
2019-02-13T09:55:31 - Update documentation
2019-02-13T10:09:59 - Improve UI/UX
2019-02-13T10:35:01 - Refactor code structure
2019-02-19T18:23:09 - Remove unused code
2019-02-19T10:40:25 - Update documentation
